Using pre-set license
Built from '2020.2/release' branch; Version is '2020.2.1f1 (270dd8c3da1c) revision 2559448'; Using compiler version '192528614'; Build Type 'Release'
OS: 'Windows 10  (10.0.0) 64bit' Language: 'en' Physical Memory: 32688 MB
BatchMode: 1, IsHumanControllingUs: 0, StartBugReporterOnCrash: 0, Is64bit: 1, IsPro: 0

 COMMAND LINE ARGUMENTS:
C:\Program Files\Unity\Hub\Editor\2020.2.1f1\Editor\Unity.exe
-adb2
-batchMode
-noUpm
-name
AssetImportWorker0
-projectPath
C:/Users/Logan/Desktop/Personal/Projects/Game Dev/2D-AStar/2D-AStar-UnityTilemaps/2D-AStar
-logFile
Logs/AssetImportWorker0.log
-srvPort
52203
Successfully changed project path to: C:/Users/Logan/Desktop/Personal/Projects/Game Dev/2D-AStar/2D-AStar-UnityTilemaps/2D-AStar
C:/Users/Logan/Desktop/Personal/Projects/Game Dev/2D-AStar/2D-AStar-UnityTilemaps/2D-AStar
Using Asset Import Pipeline V2.
Refreshing native plugins compatible for Editor in 26.35 ms, found 1 plugins.
Preloading 0 native plugins for Editor in 0.00 ms.
Initialize engine version: 2020.2.1f1 (270dd8c3da1c)
[Subsystems] Discovering subsystems at path C:/Program Files/Unity/Hub/Editor/2020.2.1f1/Editor/Data/Resources/UnitySubsystems
[Subsystems] Discovering subsystems at path C:/Users/Logan/Desktop/Personal/Projects/Game Dev/2D-AStar/2D-AStar-UnityTilemaps/2D-AStar/Assets
GfxDevice: creating device client; threaded=0
Direct3D:
    Version:  Direct3D 11.0 [level 11.1]
    Renderer: NVIDIA GeForce RTX 2070 SUPER (ID=0x1e84)
    Vendor:   
    VRAM:     8011 MB
    Driver:   27.21.14.6089
Initialize mono
Mono path[0] = 'C:/Program Files/Unity/Hub/Editor/2020.2.1f1/Editor/Data/Managed'
Mono path[1] = 'C:/Program Files/Unity/Hub/Editor/2020.2.1f1/Editor/Data/MonoBleedingEdge/lib/mono/unityjit'
Mono config path = 'C:/Program Files/Unity/Hub/Editor/2020.2.1f1/Editor/Data/MonoBleedingEdge/etc'
Using monoOptions --debugger-agent=transport=dt_socket,embedding=1,server=y,suspend=n,address=127.0.0.1:56148
Begin MonoManager ReloadAssembly
Registering precompiled unity dll's ...
Register platform support module: C:/Program Files/Unity/Hub/Editor/2020.2.1f1/Editor/Data/PlaybackEngines/WindowsStandaloneSupport/UnityEditor.WindowsStandalone.Extensions.dll
Registered in 0.001247 seconds.
Native extension for WindowsStandalone target not found
Refreshing native plugins compatible for Editor in 25.90 ms, found 1 plugins.
Preloading 0 native plugins for Editor in 0.00 ms.
Invoked RoslynAnalysisRunner static constructor.
RoslynAnalysisRunner will not be running.
RoslynAnalysisRunner has terminated.
Mono: successfully reloaded assembly
- Completed reload, in  1.276 seconds
Platform modules already initialized, skipping
Registering precompiled user dll's ...
Registered in 0.000673 seconds.
Begin MonoManager ReloadAssembly
Native extension for WindowsStandalone target not found
Refreshing native plugins compatible for Editor in 27.84 ms, found 1 plugins.
Preloading 0 native plugins for Editor in 0.00 ms.
Invoked RoslynAnalysisRunner static constructor.
RoslynAnalysisRunner will not be running.
RoslynAnalysisRunner has terminated.
Mono: successfully reloaded assembly
- Completed reload, in  0.694 seconds
Platform modules already initialized, skipping
========================================================================
Worker process is ready to serve import requests
Launched and connected shader compiler UnityShaderCompiler.exe after 0.03 seconds
Refreshing native plugins compatible for Editor in 0.30 ms, found 1 plugins.
Preloading 0 native plugins for Editor in 0.00 ms.
Unloading 1787 Unused Serialized files (Serialized files now loaded: 0)
System memory in use before: 84.2 MB.
System memory in use after: 84.2 MB.

Unloading 24 unused Assets to reduce memory usage. Loaded Objects now: 2226.
Total: 1.794000 ms (FindLiveObjects: 0.225900 ms CreateObjectMapping: 0.101900 ms MarkObjects: 1.377000 ms  DeleteObjects: 0.088300 ms)

========================================================================
Received Import Request.
  path: Assets/Scenes
  artifactKey: Guid(2ef9259e0a967c5439a013746fcafb7e) Importer(815301076,1909f56bfc062723c751e8b465ee728b)
Start importing Assets/Scenes using Guid(2ef9259e0a967c5439a013746fcafb7e) Importer(815301076,1909f56bfc062723c751e8b465ee728b)  -> (artifact id: 'fc0c7a853919a04d3b4bcf7e2b2c8897') in 0.007056 seconds
  Import took 0.009319 seconds .

========================================================================
Received Import Request.
  Time since last request: 1.151621 seconds.
  path: Assets/Scenes/SampleScene.unity
  artifactKey: Guid(2cda990e2423bbf4892e6590ba056729) Importer(815301076,1909f56bfc062723c751e8b465ee728b)
Start importing Assets/Scenes/SampleScene.unity using Guid(2cda990e2423bbf4892e6590ba056729) Importer(815301076,1909f56bfc062723c751e8b465ee728b)  -> (artifact id: '68e638b9c95263cbd6c5b1eb18544bd4') in 0.010023 seconds
  Import took 0.012487 seconds .

========================================================================
Received Import Request.
  Time since last request: 4.608636 seconds.
  path: Assets/Scenes/AStarDemo.unity
  artifactKey: Guid(2cda990e2423bbf4892e6590ba056729) Importer(815301076,1909f56bfc062723c751e8b465ee728b)
Start importing Assets/Scenes/AStarDemo.unity using Guid(2cda990e2423bbf4892e6590ba056729) Importer(815301076,1909f56bfc062723c751e8b465ee728b)  -> (artifact id: '7b87cdcb3e5838e2181d22f00ec898bc') in 0.005132 seconds
  Import took 0.007432 seconds .

========================================================================
Received Import Request.
  Time since last request: 3226.274616 seconds.
  path: Assets/Scenes/Tiles
  artifactKey: Guid(0cfa7701a392c2f49b08f95ae83be0b0) Importer(815301076,1909f56bfc062723c751e8b465ee728b)
Start importing Assets/Scenes/Tiles using Guid(0cfa7701a392c2f49b08f95ae83be0b0) Importer(815301076,1909f56bfc062723c751e8b465ee728b)  -> (artifact id: 'e74976a34a47973277e901a17fb638be') in 0.006054 seconds
  Import took 0.008840 seconds .

========================================================================
Received Import Request.
  Time since last request: 3.618148 seconds.
  path: Assets/Scenes/Tiles/Empty.prefab
  artifactKey: Guid(fe6a137f2f4a18643a977b14bf9be4dd) Importer(815301076,1909f56bfc062723c751e8b465ee728b)
Start importing Assets/Scenes/Tiles/Empty.prefab using Guid(fe6a137f2f4a18643a977b14bf9be4dd) Importer(815301076,1909f56bfc062723c751e8b465ee728b)  -> (artifact id: '039e0a34fd3dbbe0290e93b6a516f0cb') in 0.073700 seconds
  Import took 0.076317 seconds .

========================================================================
Received Import Request.
  Time since last request: 23.846446 seconds.
  path: Assets/Scenes/Tiles/Obstacle.prefab
  artifactKey: Guid(b5d15f1b9fad6d847b50bd7d566a49c3) Importer(815301076,1909f56bfc062723c751e8b465ee728b)
Start importing Assets/Scenes/Tiles/Obstacle.prefab using Guid(b5d15f1b9fad6d847b50bd7d566a49c3) Importer(815301076,1909f56bfc062723c751e8b465ee728b)  -> (artifact id: '67bc0d38f25000a3d3e875476416f0e1') in 0.012374 seconds
  Import took 0.014823 seconds .

========================================================================
Received Import Request.
  Time since last request: 55.023995 seconds.
  path: Assets/Scenes/Tiles/Goal.prefab
  artifactKey: Guid(429b13a3c4c3e00418d49d13c95df278) Importer(815301076,1909f56bfc062723c751e8b465ee728b)
Start importing Assets/Scenes/Tiles/Goal.prefab using Guid(429b13a3c4c3e00418d49d13c95df278) Importer(815301076,1909f56bfc062723c751e8b465ee728b)  -> (artifact id: '0ea8b59e0da4e88e181110c71329f58a') in 0.010420 seconds
  Import took 0.013281 seconds .

========================================================================
Received Import Request.
  Time since last request: 22.454318 seconds.
  path: Assets/Scenes/Tiles/Start.prefab
  artifactKey: Guid(5e8b7345d9e5c474cac53fd36f106d55) Importer(815301076,1909f56bfc062723c751e8b465ee728b)
Start importing Assets/Scenes/Tiles/Start.prefab using Guid(5e8b7345d9e5c474cac53fd36f106d55) Importer(815301076,1909f56bfc062723c751e8b465ee728b)  -> (artifact id: 'a083e9474a10489f6ddd5650e2585551') in 0.010511 seconds
  Import took 0.012982 seconds .

========================================================================
Received Import Request.
  Time since last request: 26.079541 seconds.
  path: Assets/Scenes/Tiles/Path.prefab
  artifactKey: Guid(b1cb746bb75c4d74fac87ac885db25bd) Importer(815301076,1909f56bfc062723c751e8b465ee728b)
Start importing Assets/Scenes/Tiles/Path.prefab using Guid(b1cb746bb75c4d74fac87ac885db25bd) Importer(815301076,1909f56bfc062723c751e8b465ee728b)  -> (artifact id: '54e3885ed675f66f578ec67fb39d0fcd') in 0.012647 seconds
  Import took 0.015255 seconds .

========================================================================
Received Import Request.
  Time since last request: 31.700177 seconds.
  path: ProjectSettings/TagManager.asset
  artifactKey: Guid(00000000000000003000000000000000) Importer(815301076,1909f56bfc062723c751e8b465ee728b)
Start importing ProjectSettings/TagManager.asset using Guid(00000000000000003000000000000000) Importer(815301076,1909f56bfc062723c751e8b465ee728b)  -> (artifact id: '2a276bfe1a8cbeea2c89852a4ad7a997') in 0.007786 seconds
  Import took 0.010417 seconds .

========================================================================
Received Import Request.
  Time since last request: 503.850488 seconds.
  path: Assets/Scenes/Tiles/Palette
  artifactKey: Guid(3c8292fd3c6992340836ba90727cc460) Importer(815301076,1909f56bfc062723c751e8b465ee728b)
Start importing Assets/Scenes/Tiles/Palette using Guid(3c8292fd3c6992340836ba90727cc460) Importer(815301076,1909f56bfc062723c751e8b465ee728b)  -> (artifact id: '5011241ea747f0fe0f5b5f5dd9204854') in 0.005584 seconds
  Import took 0.008461 seconds .

========================================================================
Received Import Request.
  Time since last request: 0.042990 seconds.
  path: Assets/Scenes/Tiles/Palette/Palette.prefab
  artifactKey: Guid(91435bc0bf8bb7242b5d8e289cb3ee09) Importer(815301076,1909f56bfc062723c751e8b465ee728b)
Start importing Assets/Scenes/Tiles/Palette/Palette.prefab using Guid(91435bc0bf8bb7242b5d8e289cb3ee09) Importer(815301076,1909f56bfc062723c751e8b465ee728b)  -> (artifact id: 'd62caf5fbff8f5b32ebfe5d6b83c0fe5') in 0.003638 seconds
  Import took 0.006382 seconds .

========================================================================
Received Import Request.
  Time since last request: 2.654985 seconds.
  path: Assets/Palette
  artifactKey: Guid(77e68150eea81e74795744cb55381241) Importer(815301076,1909f56bfc062723c751e8b465ee728b)
Start importing Assets/Palette using Guid(77e68150eea81e74795744cb55381241) Importer(815301076,1909f56bfc062723c751e8b465ee728b)  -> (artifact id: '1f9a5a2a95a7466fbdd7429804d66544') in 0.001850 seconds
  Import took 0.004694 seconds .

========================================================================
Received Import Request.
  Time since last request: 0.047244 seconds.
  path: Assets/Palette/Palette.png
  artifactKey: Guid(6decac519d9230b4db8ed35dfc8e880a) Importer(815301076,1909f56bfc062723c751e8b465ee728b)
Start importing Assets/Palette/Palette.png using Guid(6decac519d9230b4db8ed35dfc8e880a) Importer(815301076,1909f56bfc062723c751e8b465ee728b)  -> (artifact id: '13830d99917b5f3f21b57a278ecdbc7d') in 0.041874 seconds
  Import took 0.044646 seconds .

========================================================================
Received Import Request.
  Time since last request: 41.320903 seconds.
  path: Assets
  artifactKey: Guid(00000000000000001000000000000000) Importer(815301076,1909f56bfc062723c751e8b465ee728b)
Start importing Assets using Guid(00000000000000001000000000000000) Importer(815301076,1909f56bfc062723c751e8b465ee728b)  -> (artifact id: 'e1a2c4dac9df7c17871e19a3b74f0e9f') in 0.005366 seconds
  Import took 0.007712 seconds .

========================================================================
Received Import Request.
  Time since last request: 3.767917 seconds.
  path: Assets/Sprites
  artifactKey: Guid(77e68150eea81e74795744cb55381241) Importer(815301076,1909f56bfc062723c751e8b465ee728b)
Start importing Assets/Sprites using Guid(77e68150eea81e74795744cb55381241) Importer(815301076,1909f56bfc062723c751e8b465ee728b)  -> (artifact id: 'f60c4486db37b1e0c65ac761511bd8aa') in 0.005272 seconds
  Import took 0.007992 seconds .

========================================================================
Received Import Request.
  Time since last request: 19.106176 seconds.
  path: Assets/Sprites/Palette.png
  artifactKey: Guid(6decac519d9230b4db8ed35dfc8e880a) Importer(815301076,1909f56bfc062723c751e8b465ee728b)
Start importing Assets/Sprites/Palette.png using Guid(6decac519d9230b4db8ed35dfc8e880a) Importer(815301076,1909f56bfc062723c751e8b465ee728b)  -> (artifact id: '02127148f1496a55e3c08055aa56ff60') in 0.014344 seconds
  Import took 0.016757 seconds .

========================================================================
Received Import Request.
  Time since last request: 43.832277 seconds.
  path: Assets/Sprites/Palette.png
  artifactKey: Guid(6decac519d9230b4db8ed35dfc8e880a) Importer(815301076,1909f56bfc062723c751e8b465ee728b)
Start importing Assets/Sprites/Palette.png using Guid(6decac519d9230b4db8ed35dfc8e880a) Importer(815301076,1909f56bfc062723c751e8b465ee728b)  -> (artifact id: 'aad9e71beafdb26e6a3a2260843cf05e') in 0.022841 seconds
  Import took 0.025532 seconds .

========================================================================
Received Import Request.
  Time since last request: 186.079560 seconds.
  path: Assets/Scro[ts
  artifactKey: Guid(dda4a4df14be7894c84529e73d7805d4) Importer(815301076,1909f56bfc062723c751e8b465ee728b)
Start importing Assets/Scro[ts using Guid(dda4a4df14be7894c84529e73d7805d4) Importer(815301076,1909f56bfc062723c751e8b465ee728b)  -> (artifact id: '92c0236220c20f85dc276453fd387df1') in 0.006323 seconds
  Import took 0.008883 seconds .

========================================================================
Received Import Request.
  Time since last request: 4.228737 seconds.
  path: Assets/Scripts
  artifactKey: Guid(dda4a4df14be7894c84529e73d7805d4) Importer(815301076,1909f56bfc062723c751e8b465ee728b)
Start importing Assets/Scripts using Guid(dda4a4df14be7894c84529e73d7805d4) Importer(815301076,1909f56bfc062723c751e8b465ee728b)  -> (artifact id: '2c7a4b3854e7aedce081990949e20986') in 0.005413 seconds
  Import took 0.008336 seconds .

========================================================================
Received Import Request.
  Time since last request: 32.873970 seconds.
  path: Assets/Scripts/Node.cs
  artifactKey: Guid(d0a5686a3a94e0c45a3d6efd467a38d3) Importer(815301076,1909f56bfc062723c751e8b465ee728b)
Start importing Assets/Scripts/Node.cs using Guid(d0a5686a3a94e0c45a3d6efd467a38d3) Importer(815301076,1909f56bfc062723c751e8b465ee728b)  -> (artifact id: '92019598b0e64b91b44fc0880fd4efc8') in 0.015984 seconds
  Import took 0.018430 seconds .

========================================================================
Received Prepare
Registering precompiled user dll's ...
Registered in 0.000834 seconds.
Begin MonoManager ReloadAssembly
Native extension for WindowsStandalone target not found
Refreshing native plugins compatible for Editor in 0.31 ms, found 1 plugins.
Preloading 0 native plugins for Editor in 0.00 ms.
Invoked RoslynAnalysisRunner static constructor.
RoslynAnalysisRunner will not be running.
RoslynAnalysisRunner has terminated.
Mono: successfully reloaded assembly
- Completed reload, in  0.633 seconds
Platform modules already initialized, skipping
Refreshing native plugins compatible for Editor in 0.31 ms, found 1 plugins.
Preloading 0 native plugins for Editor in 0.00 ms.
Unloading 1783 Unused Serialized files (Serialized files now loaded: 0)
System memory in use before: 87.4 MB.
System memory in use after: 87.4 MB.

Unloading 13 unused Assets to reduce memory usage. Loaded Objects now: 2241.
Total: 1.674700 ms (FindLiveObjects: 0.208300 ms CreateObjectMapping: 0.106300 ms MarkObjects: 1.281000 ms  DeleteObjects: 0.077900 ms)

========================================================================
Received Prepare
Registering precompiled user dll's ...
Registered in 0.000860 seconds.
Begin MonoManager ReloadAssembly
Native extension for WindowsStandalone target not found
Refreshing native plugins compatible for Editor in 0.32 ms, found 1 plugins.
Preloading 0 native plugins for Editor in 0.00 ms.
Invoked RoslynAnalysisRunner static constructor.
RoslynAnalysisRunner will not be running.
RoslynAnalysisRunner has terminated.
Mono: successfully reloaded assembly
- Completed reload, in  0.618 seconds
Platform modules already initialized, skipping
Refreshing native plugins compatible for Editor in 0.32 ms, found 1 plugins.
Preloading 0 native plugins for Editor in 0.00 ms.
Unloading 1783 Unused Serialized files (Serialized files now loaded: 0)
System memory in use before: 87.5 MB.
System memory in use after: 87.5 MB.

Unloading 12 unused Assets to reduce memory usage. Loaded Objects now: 2244.
Total: 1.510000 ms (FindLiveObjects: 0.165800 ms CreateObjectMapping: 0.056400 ms MarkObjects: 1.207600 ms  DeleteObjects: 0.079500 ms)

========================================================================
Received Import Request.
  Time since last request: 129.915928 seconds.
  path: Assets/Scripts/Node.cs
  artifactKey: Guid(d0a5686a3a94e0c45a3d6efd467a38d3) Importer(815301076,1909f56bfc062723c751e8b465ee728b)
Start importing Assets/Scripts/Node.cs using Guid(d0a5686a3a94e0c45a3d6efd467a38d3) Importer(815301076,1909f56bfc062723c751e8b465ee728b)  -> (artifact id: '0b6a49daad190d043c60ce8e4c8d8119') in 0.004071 seconds
  Import took 0.006639 seconds .

========================================================================
Received Import Request.
  Time since last request: 7.483936 seconds.
  path: Assets/Scripts/Grid.cs
  artifactKey: Guid(1e40bcba630581e49a8f5c9b2b74c6c1) Importer(815301076,1909f56bfc062723c751e8b465ee728b)
Start importing Assets/Scripts/Grid.cs using Guid(1e40bcba630581e49a8f5c9b2b74c6c1) Importer(815301076,1909f56bfc062723c751e8b465ee728b)  -> (artifact id: 'f862257e7d183e5611b33d712d262f9b') in 0.006021 seconds
  Import took 0.008641 seconds .

========================================================================
Received Prepare
Registering precompiled user dll's ...
Registered in 0.000667 seconds.
Begin MonoManager ReloadAssembly
Native extension for WindowsStandalone target not found
Refreshing native plugins compatible for Editor in 0.35 ms, found 1 plugins.
Preloading 0 native plugins for Editor in 0.00 ms.
Invoked RoslynAnalysisRunner static constructor.
RoslynAnalysisRunner will not be running.
RoslynAnalysisRunner has terminated.
Mono: successfully reloaded assembly
- Completed reload, in  0.667 seconds
Platform modules already initialized, skipping
Refreshing native plugins compatible for Editor in 0.48 ms, found 1 plugins.
Preloading 0 native plugins for Editor in 0.00 ms.
Unloading 1784 Unused Serialized files (Serialized files now loaded: 0)
System memory in use before: 87.6 MB.
System memory in use after: 87.6 MB.

Unloading 12 unused Assets to reduce memory usage. Loaded Objects now: 2248.
Total: 1.996600 ms (FindLiveObjects: 0.354100 ms CreateObjectMapping: 0.134000 ms MarkObjects: 1.420700 ms  DeleteObjects: 0.085900 ms)

========================================================================
Received Prepare
Registering precompiled user dll's ...
Registered in 0.000680 seconds.
Begin MonoManager ReloadAssembly
Native extension for WindowsStandalone target not found
Refreshing native plugins compatible for Editor in 0.32 ms, found 1 plugins.
Preloading 0 native plugins for Editor in 0.00 ms.
Invoked RoslynAnalysisRunner static constructor.
RoslynAnalysisRunner will not be running.
RoslynAnalysisRunner has terminated.
Mono: successfully reloaded assembly
- Completed reload, in  0.615 seconds
Platform modules already initialized, skipping
Refreshing native plugins compatible for Editor in 0.30 ms, found 1 plugins.
Preloading 0 native plugins for Editor in 0.00 ms.
Unloading 1784 Unused Serialized files (Serialized files now loaded: 0)
System memory in use before: 87.6 MB.
System memory in use after: 87.6 MB.

Unloading 12 unused Assets to reduce memory usage. Loaded Objects now: 2251.
Total: 1.686400 ms (FindLiveObjects: 0.174800 ms CreateObjectMapping: 0.059200 ms MarkObjects: 1.367300 ms  DeleteObjects: 0.084100 ms)

========================================================================
Received Import Request.
  Time since last request: 140.644350 seconds.
  path: Assets/Scripts/Grid.cs
  artifactKey: Guid(1e40bcba630581e49a8f5c9b2b74c6c1) Importer(815301076,1909f56bfc062723c751e8b465ee728b)
Start importing Assets/Scripts/Grid.cs using Guid(1e40bcba630581e49a8f5c9b2b74c6c1) Importer(815301076,1909f56bfc062723c751e8b465ee728b)  -> (artifact id: 'd8575b82006a0ba21914ea634dda104e') in 0.004372 seconds
  Import took 0.006647 seconds .

========================================================================
Received Prepare
Registering precompiled user dll's ...
Registered in 0.000642 seconds.
Begin MonoManager ReloadAssembly
Native extension for WindowsStandalone target not found
Refreshing native plugins compatible for Editor in 0.30 ms, found 1 plugins.
Preloading 0 native plugins for Editor in 0.00 ms.
Invoked RoslynAnalysisRunner static constructor.
RoslynAnalysisRunner will not be running.
RoslynAnalysisRunner has terminated.
Mono: successfully reloaded assembly
- Completed reload, in  0.618 seconds
Platform modules already initialized, skipping
Refreshing native plugins compatible for Editor in 0.30 ms, found 1 plugins.
Preloading 0 native plugins for Editor in 0.00 ms.
Unloading 1784 Unused Serialized files (Serialized files now loaded: 0)
System memory in use before: 87.7 MB.
System memory in use after: 87.7 MB.

Unloading 12 unused Assets to reduce memory usage. Loaded Objects now: 2254.
Total: 1.630300 ms (FindLiveObjects: 0.187200 ms CreateObjectMapping: 0.077700 ms MarkObjects: 1.287000 ms  DeleteObjects: 0.077700 ms)

========================================================================
Received Import Request.
  Time since last request: 32.300748 seconds.
  path: Assets/Scripts/Grid.cs
  artifactKey: Guid(1e40bcba630581e49a8f5c9b2b74c6c1) Importer(815301076,1909f56bfc062723c751e8b465ee728b)
Start importing Assets/Scripts/Grid.cs using Guid(1e40bcba630581e49a8f5c9b2b74c6c1) Importer(815301076,1909f56bfc062723c751e8b465ee728b)  -> (artifact id: '4a6ad213405371d93f6985a55b99ce57') in 0.004100 seconds
  Import took 0.006704 seconds .

========================================================================
Received Import Request.
  Time since last request: 0.019379 seconds.
  path: Assets/Scripts/Grid.cs
  artifactKey: Guid(1e40bcba630581e49a8f5c9b2b74c6c1) Importer(815301076,1909f56bfc062723c751e8b465ee728b)
Start importing Assets/Scripts/Grid.cs using Guid(1e40bcba630581e49a8f5c9b2b74c6c1) Importer(815301076,1909f56bfc062723c751e8b465ee728b)  -> (artifact id: '4a6ad213405371d93f6985a55b99ce57') in 0.001876 seconds
  Import took 0.004209 seconds .

========================================================================
Received Import Request.
  Time since last request: 27.699102 seconds.
  path: Assets/Scripts/AStarGrid.cs
  artifactKey: Guid(1e40bcba630581e49a8f5c9b2b74c6c1) Importer(815301076,1909f56bfc062723c751e8b465ee728b)
Start importing Assets/Scripts/AStarGrid.cs using Guid(1e40bcba630581e49a8f5c9b2b74c6c1) Importer(815301076,1909f56bfc062723c751e8b465ee728b)  -> (artifact id: '7c78d545cb2f786dd9288dd8bd67d7e4') in 0.005713 seconds
  Import took 0.008162 seconds .

========================================================================
Received Prepare
Registering precompiled user dll's ...
Registered in 0.000649 seconds.
Begin MonoManager ReloadAssembly
Native extension for WindowsStandalone target not found
Refreshing native plugins compatible for Editor in 0.31 ms, found 1 plugins.
Preloading 0 native plugins for Editor in 0.00 ms.
Invoked RoslynAnalysisRunner static constructor.
RoslynAnalysisRunner will not be running.
RoslynAnalysisRunner has terminated.
Mono: successfully reloaded assembly
- Completed reload, in  0.632 seconds
Platform modules already initialized, skipping
Refreshing native plugins compatible for Editor in 0.30 ms, found 1 plugins.
Preloading 0 native plugins for Editor in 0.00 ms.
Unloading 1784 Unused Serialized files (Serialized files now loaded: 0)
System memory in use before: 87.8 MB.
System memory in use after: 87.8 MB.

Unloading 12 unused Assets to reduce memory usage. Loaded Objects now: 2257.
Total: 1.462000 ms (FindLiveObjects: 0.153400 ms CreateObjectMapping: 0.054800 ms MarkObjects: 1.174400 ms  DeleteObjects: 0.078700 ms)

========================================================================
Received Prepare
Registering precompiled user dll's ...
Registered in 0.000771 seconds.
Begin MonoManager ReloadAssembly
Native extension for WindowsStandalone target not found
Refreshing native plugins compatible for Editor in 0.31 ms, found 1 plugins.
Preloading 0 native plugins for Editor in 0.00 ms.
Invoked RoslynAnalysisRunner static constructor.
RoslynAnalysisRunner will not be running.
RoslynAnalysisRunner has terminated.
Mono: successfully reloaded assembly
- Completed reload, in  0.618 seconds
Platform modules already initialized, skipping
Refreshing native plugins compatible for Editor in 0.31 ms, found 1 plugins.
Preloading 0 native plugins for Editor in 0.00 ms.
Unloading 1784 Unused Serialized files (Serialized files now loaded: 0)
System memory in use before: 87.8 MB.
System memory in use after: 87.8 MB.

Unloading 12 unused Assets to reduce memory usage. Loaded Objects now: 2260.
Total: 1.703500 ms (FindLiveObjects: 0.252700 ms CreateObjectMapping: 0.099300 ms MarkObjects: 1.264000 ms  DeleteObjects: 0.086900 ms)

========================================================================
Received Import Request.
  Time since last request: 519.654715 seconds.
  path: Assets/Scripts/AStarGrid.cs
  artifactKey: Guid(1e40bcba630581e49a8f5c9b2b74c6c1) Importer(815301076,1909f56bfc062723c751e8b465ee728b)
Start importing Assets/Scripts/AStarGrid.cs using Guid(1e40bcba630581e49a8f5c9b2b74c6c1) Importer(815301076,1909f56bfc062723c751e8b465ee728b)  -> (artifact id: '56fc498662721588809b5782a8236d26') in 0.004000 seconds
  Import took 0.006257 seconds .

========================================================================
Received Prepare
Registering precompiled user dll's ...
Registered in 0.000799 seconds.
Begin MonoManager ReloadAssembly
Native extension for WindowsStandalone target not found
Refreshing native plugins compatible for Editor in 0.33 ms, found 1 plugins.
Preloading 0 native plugins for Editor in 0.00 ms.
Invoked RoslynAnalysisRunner static constructor.
RoslynAnalysisRunner will not be running.
RoslynAnalysisRunner has terminated.
Mono: successfully reloaded assembly
- Completed reload, in  0.629 seconds
Platform modules already initialized, skipping
Refreshing native plugins compatible for Editor in 0.32 ms, found 1 plugins.
Preloading 0 native plugins for Editor in 0.00 ms.
Unloading 1784 Unused Serialized files (Serialized files now loaded: 0)
System memory in use before: 87.9 MB.
System memory in use after: 87.9 MB.

Unloading 12 unused Assets to reduce memory usage. Loaded Objects now: 2263.
Total: 1.801700 ms (FindLiveObjects: 0.292600 ms CreateObjectMapping: 0.079100 ms MarkObjects: 1.347900 ms  DeleteObjects: 0.081300 ms)

========================================================================
Received Import Request.
  Time since last request: 262.798233 seconds.
  path: Assets/Scripts/AStarGrid.cs
  artifactKey: Guid(1e40bcba630581e49a8f5c9b2b74c6c1) Importer(815301076,1909f56bfc062723c751e8b465ee728b)
Start importing Assets/Scripts/AStarGrid.cs using Guid(1e40bcba630581e49a8f5c9b2b74c6c1) Importer(815301076,1909f56bfc062723c751e8b465ee728b)  -> (artifact id: '838bc7663290fd388f1f5cdd8550f9a9') in 0.003817 seconds
  Import took 0.006629 seconds .

========================================================================
Received Prepare
Registering precompiled user dll's ...
Registered in 0.000809 seconds.
Begin MonoManager ReloadAssembly
Native extension for WindowsStandalone target not found
Refreshing native plugins compatible for Editor in 0.31 ms, found 1 plugins.
Preloading 0 native plugins for Editor in 0.00 ms.
Invoked RoslynAnalysisRunner static constructor.
RoslynAnalysisRunner will not be running.
RoslynAnalysisRunner has terminated.
Mono: successfully reloaded assembly
- Completed reload, in  0.615 seconds
Platform modules already initialized, skipping
Refreshing native plugins compatible for Editor in 0.30 ms, found 1 plugins.
Preloading 0 native plugins for Editor in 0.00 ms.
Unloading 1784 Unused Serialized files (Serialized files now loaded: 0)
System memory in use before: 87.9 MB.
System memory in use after: 87.9 MB.

Unloading 12 unused Assets to reduce memory usage. Loaded Objects now: 2266.
Total: 1.561000 ms (FindLiveObjects: 0.176500 ms CreateObjectMapping: 0.067600 ms MarkObjects: 1.236900 ms  DeleteObjects: 0.079300 ms)

========================================================================
Received Prepare
Registering precompiled user dll's ...
Registered in 0.000678 seconds.
Begin MonoManager ReloadAssembly
Native extension for WindowsStandalone target not found
Refreshing native plugins compatible for Editor in 0.31 ms, found 1 plugins.
Preloading 0 native plugins for Editor in 0.00 ms.
Invoked RoslynAnalysisRunner static constructor.
RoslynAnalysisRunner will not be running.
RoslynAnalysisRunner has terminated.
Mono: successfully reloaded assembly
- Completed reload, in  0.607 seconds
Platform modules already initialized, skipping
Refreshing native plugins compatible for Editor in 0.31 ms, found 1 plugins.
Preloading 0 native plugins for Editor in 0.00 ms.
Unloading 1784 Unused Serialized files (Serialized files now loaded: 0)
System memory in use before: 88.0 MB.
System memory in use after: 88.0 MB.

Unloading 12 unused Assets to reduce memory usage. Loaded Objects now: 2269.
Total: 1.631000 ms (FindLiveObjects: 0.179700 ms CreateObjectMapping: 0.066000 ms MarkObjects: 1.304600 ms  DeleteObjects: 0.079600 ms)

========================================================================
Received Prepare
Registering precompiled user dll's ...
Registered in 0.000754 seconds.
Begin MonoManager ReloadAssembly
Native extension for WindowsStandalone target not found
Refreshing native plugins compatible for Editor in 0.31 ms, found 1 plugins.
Preloading 0 native plugins for Editor in 0.00 ms.
Invoked RoslynAnalysisRunner static constructor.
RoslynAnalysisRunner will not be running.
RoslynAnalysisRunner has terminated.
Mono: successfully reloaded assembly
- Completed reload, in  0.638 seconds
Platform modules already initialized, skipping
Refreshing native plugins compatible for Editor in 0.30 ms, found 1 plugins.
Preloading 0 native plugins for Editor in 0.00 ms.
Unloading 1784 Unused Serialized files (Serialized files now loaded: 0)
System memory in use before: 88.1 MB.
System memory in use after: 88.1 MB.

Unloading 12 unused Assets to reduce memory usage. Loaded Objects now: 2272.
Total: 2.020800 ms (FindLiveObjects: 0.230000 ms CreateObjectMapping: 0.099500 ms MarkObjects: 1.595900 ms  DeleteObjects: 0.093900 ms)

========================================================================
Received Prepare
Registering precompiled user dll's ...
Registered in 0.000747 seconds.
Begin MonoManager ReloadAssembly
Native extension for WindowsStandalone target not found
Refreshing native plugins compatible for Editor in 0.34 ms, found 1 plugins.
Preloading 0 native plugins for Editor in 0.00 ms.
Invoked RoslynAnalysisRunner static constructor.
RoslynAnalysisRunner will not be running.
RoslynAnalysisRunner has terminated.
Mono: successfully reloaded assembly
- Completed reload, in  0.621 seconds
Platform modules already initialized, skipping
Refreshing native plugins compatible for Editor in 0.32 ms, found 1 plugins.
Preloading 0 native plugins for Editor in 0.00 ms.
Unloading 1784 Unused Serialized files (Serialized files now loaded: 0)
System memory in use before: 88.1 MB.
System memory in use after: 88.1 MB.

Unloading 12 unused Assets to reduce memory usage. Loaded Objects now: 2275.
Total: 1.875400 ms (FindLiveObjects: 0.205600 ms CreateObjectMapping: 0.081400 ms MarkObjects: 1.485200 ms  DeleteObjects: 0.102100 ms)

========================================================================
Received Prepare
Registering precompiled user dll's ...
Registered in 0.000781 seconds.
Begin MonoManager ReloadAssembly
Native extension for WindowsStandalone target not found
Refreshing native plugins compatible for Editor in 0.31 ms, found 1 plugins.
Preloading 0 native plugins for Editor in 0.00 ms.
Invoked RoslynAnalysisRunner static constructor.
RoslynAnalysisRunner will not be running.
RoslynAnalysisRunner has terminated.
Mono: successfully reloaded assembly
- Completed reload, in  0.611 seconds
Platform modules already initialized, skipping
Refreshing native plugins compatible for Editor in 0.31 ms, found 1 plugins.
Preloading 0 native plugins for Editor in 0.00 ms.
Unloading 1784 Unused Serialized files (Serialized files now loaded: 0)
System memory in use before: 88.2 MB.
System memory in use after: 88.2 MB.

Unloading 12 unused Assets to reduce memory usage. Loaded Objects now: 2278.
Total: 1.611200 ms (FindLiveObjects: 0.188900 ms CreateObjectMapping: 0.072200 ms MarkObjects: 1.273700 ms  DeleteObjects: 0.075600 ms)

========================================================================
Received Prepare
Registering precompiled user dll's ...
Registered in 0.000825 seconds.
Begin MonoManager ReloadAssembly
Native extension for WindowsStandalone target not found
Refreshing native plugins compatible for Editor in 0.40 ms, found 1 plugins.
Preloading 0 native plugins for Editor in 0.00 ms.
Invoked RoslynAnalysisRunner static constructor.
RoslynAnalysisRunner will not be running.
RoslynAnalysisRunner has terminated.
Mono: successfully reloaded assembly
- Completed reload, in  0.733 seconds
Platform modules already initialized, skipping
Refreshing native plugins compatible for Editor in 0.31 ms, found 1 plugins.
Preloading 0 native plugins for Editor in 0.00 ms.
Unloading 1784 Unused Serialized files (Serialized files now loaded: 0)
System memory in use before: 88.3 MB.
System memory in use after: 88.3 MB.

Unloading 12 unused Assets to reduce memory usage. Loaded Objects now: 2281.
Total: 1.663400 ms (FindLiveObjects: 0.190800 ms CreateObjectMapping: 0.076700 ms MarkObjects: 1.301300 ms  DeleteObjects: 0.093400 ms)

========================================================================
Received Prepare
Registering precompiled user dll's ...
Registered in 0.000727 seconds.
Begin MonoManager ReloadAssembly
Native extension for WindowsStandalone target not found
Refreshing native plugins compatible for Editor in 0.31 ms, found 1 plugins.
Preloading 0 native plugins for Editor in 0.00 ms.
Invoked RoslynAnalysisRunner static constructor.
RoslynAnalysisRunner will not be running.
RoslynAnalysisRunner has terminated.
Mono: successfully reloaded assembly
- Completed reload, in  0.629 seconds
Platform modules already initialized, skipping
Refreshing native plugins compatible for Editor in 0.33 ms, found 1 plugins.
Preloading 0 native plugins for Editor in 0.00 ms.
Unloading 1784 Unused Serialized files (Serialized files now loaded: 0)
System memory in use before: 88.3 MB.
System memory in use after: 88.3 MB.

Unloading 12 unused Assets to reduce memory usage. Loaded Objects now: 2284.
Total: 2.709300 ms (FindLiveObjects: 0.308300 ms CreateObjectMapping: 0.107200 ms MarkObjects: 2.146400 ms  DeleteObjects: 0.145300 ms)

========================================================================
Received Prepare
Registering precompiled user dll's ...
Registered in 0.000784 seconds.
Begin MonoManager ReloadAssembly
Native extension for WindowsStandalone target not found
Refreshing native plugins compatible for Editor in 0.32 ms, found 1 plugins.
Preloading 0 native plugins for Editor in 0.00 ms.
Invoked RoslynAnalysisRunner static constructor.
RoslynAnalysisRunner will not be running.
RoslynAnalysisRunner has terminated.
Mono: successfully reloaded assembly
- Completed reload, in  0.643 seconds
Platform modules already initialized, skipping
Refreshing native plugins compatible for Editor in 0.33 ms, found 1 plugins.
Preloading 0 native plugins for Editor in 0.00 ms.
Unloading 1784 Unused Serialized files (Serialized files now loaded: 0)
System memory in use before: 88.4 MB.
System memory in use after: 88.4 MB.

Unloading 12 unused Assets to reduce memory usage. Loaded Objects now: 2287.
Total: 1.714100 ms (FindLiveObjects: 0.234500 ms CreateObjectMapping: 0.078300 ms MarkObjects: 1.311800 ms  DeleteObjects: 0.088300 ms)

========================================================================
Received Prepare
Registering precompiled user dll's ...
Registered in 0.000738 seconds.
Begin MonoManager ReloadAssembly
Native extension for WindowsStandalone target not found
Refreshing native plugins compatible for Editor in 0.38 ms, found 1 plugins.
Preloading 0 native plugins for Editor in 0.00 ms.
Invoked RoslynAnalysisRunner static constructor.
RoslynAnalysisRunner will not be running.
RoslynAnalysisRunner has terminated.
Mono: successfully reloaded assembly
- Completed reload, in  0.664 seconds
Platform modules already initialized, skipping
Refreshing native plugins compatible for Editor in 0.30 ms, found 1 plugins.
Preloading 0 native plugins for Editor in 0.00 ms.
Unloading 1784 Unused Serialized files (Serialized files now loaded: 0)
System memory in use before: 88.5 MB.
System memory in use after: 88.5 MB.

Unloading 12 unused Assets to reduce memory usage. Loaded Objects now: 2290.
Total: 1.623200 ms (FindLiveObjects: 0.180000 ms CreateObjectMapping: 0.068100 ms MarkObjects: 1.277300 ms  DeleteObjects: 0.097300 ms)

========================================================================
Received Prepare
Registering precompiled user dll's ...
Registered in 0.000803 seconds.
Begin MonoManager ReloadAssembly
Native extension for WindowsStandalone target not found
Refreshing native plugins compatible for Editor in 0.33 ms, found 1 plugins.
Preloading 0 native plugins for Editor in 0.00 ms.
Invoked RoslynAnalysisRunner static constructor.
RoslynAnalysisRunner will not be running.
RoslynAnalysisRunner has terminated.
Mono: successfully reloaded assembly
- Completed reload, in  0.650 seconds
Platform modules already initialized, skipping
Refreshing native plugins compatible for Editor in 0.33 ms, found 1 plugins.
Preloading 0 native plugins for Editor in 0.00 ms.
Unloading 1784 Unused Serialized files (Serialized files now loaded: 0)
System memory in use before: 88.5 MB.
System memory in use after: 88.5 MB.

Unloading 12 unused Assets to reduce memory usage. Loaded Objects now: 2293.
Total: 1.682800 ms (FindLiveObjects: 0.180300 ms CreateObjectMapping: 0.077600 ms MarkObjects: 1.326800 ms  DeleteObjects: 0.096400 ms)

========================================================================
Received Prepare
Registering precompiled user dll's ...
Registered in 0.000755 seconds.
Begin MonoManager ReloadAssembly
Native extension for WindowsStandalone target not found
Refreshing native plugins compatible for Editor in 0.32 ms, found 1 plugins.
Preloading 0 native plugins for Editor in 0.00 ms.
Invoked RoslynAnalysisRunner static constructor.
RoslynAnalysisRunner will not be running.
RoslynAnalysisRunner has terminated.
Mono: successfully reloaded assembly
- Completed reload, in  0.637 seconds
Platform modules already initialized, skipping
Refreshing native plugins compatible for Editor in 0.30 ms, found 1 plugins.
Preloading 0 native plugins for Editor in 0.00 ms.
Unloading 1784 Unused Serialized files (Serialized files now loaded: 0)
System memory in use before: 88.6 MB.
System memory in use after: 88.6 MB.

Unloading 12 unused Assets to reduce memory usage. Loaded Objects now: 2296.
Total: 1.701300 ms (FindLiveObjects: 0.179700 ms CreateObjectMapping: 0.069900 ms MarkObjects: 1.363900 ms  DeleteObjects: 0.087000 ms)

========================================================================
Received Prepare
Registering precompiled user dll's ...
Registered in 0.000754 seconds.
Begin MonoManager ReloadAssembly
Native extension for WindowsStandalone target not found
Refreshing native plugins compatible for Editor in 0.31 ms, found 1 plugins.
Preloading 0 native plugins for Editor in 0.00 ms.
Invoked RoslynAnalysisRunner static constructor.
RoslynAnalysisRunner will not be running.
RoslynAnalysisRunner has terminated.
Mono: successfully reloaded assembly
- Completed reload, in  0.628 seconds
Platform modules already initialized, skipping
Refreshing native plugins compatible for Editor in 0.32 ms, found 1 plugins.
Preloading 0 native plugins for Editor in 0.00 ms.
Unloading 1784 Unused Serialized files (Serialized files now loaded: 0)
System memory in use before: 88.7 MB.
System memory in use after: 88.7 MB.

Unloading 12 unused Assets to reduce memory usage. Loaded Objects now: 2299.
Total: 1.811200 ms (FindLiveObjects: 0.221800 ms CreateObjectMapping: 0.082800 ms MarkObjects: 1.390700 ms  DeleteObjects: 0.114600 ms)

========================================================================
Received Prepare
Registering precompiled user dll's ...
Registered in 0.001048 seconds.
Begin MonoManager ReloadAssembly
Native extension for WindowsStandalone target not found
Refreshing native plugins compatible for Editor in 0.41 ms, found 1 plugins.
Preloading 0 native plugins for Editor in 0.00 ms.
Invoked RoslynAnalysisRunner static constructor.
RoslynAnalysisRunner will not be running.
RoslynAnalysisRunner has terminated.
Mono: successfully reloaded assembly
- Completed reload, in  0.869 seconds
Platform modules already initialized, skipping
Refreshing native plugins compatible for Editor in 0.51 ms, found 1 plugins.
Preloading 0 native plugins for Editor in 0.00 ms.
Unloading 1784 Unused Serialized files (Serialized files now loaded: 0)
System memory in use before: 88.7 MB.
System memory in use after: 88.7 MB.

Unloading 12 unused Assets to reduce memory usage. Loaded Objects now: 2302.
Total: 2.446900 ms (FindLiveObjects: 0.374300 ms CreateObjectMapping: 0.108500 ms MarkObjects: 1.786100 ms  DeleteObjects: 0.176100 ms)

